0 info it worked if it ends with ok
1 verbose cli [ '/usr/bin/node', '/usr/bin/npm', 'run', 'start:dev' ]
2 info using npm@3.10.10
3 info using node@v6.10.0
4 verbose run-script [ 'prestart:dev', 'start:dev', 'poststart:dev' ]
5 info lifecycle cartola-fc@1.0.0~prestart:dev: cartola-fc@1.0.0
6 silly lifecycle cartola-fc@1.0.0~prestart:dev: no script for prestart:dev, continuing
7 info lifecycle cartola-fc@1.0.0~start:dev: cartola-fc@1.0.0
8 verbose lifecycle cartola-fc@1.0.0~start:dev: unsafe-perm in lifecycle true
9 verbose lifecycle cartola-fc@1.0.0~start:dev: PATH: /usr/lib/node_modules/npm/bin/node-gyp-bin:/home/leandromachado/Git/cartola-fc/node_modules/.bin:/usr/lib64/qt-3.3/bin:/usr/local/bin:/usr/local/sbin:/usr/bin:/usr/sbin:/home/leandromachado/.local/bin:/home/leandromachado/bin:/home/leandromachado/.local/bin:/home/leandromachado/bin
10 verbose lifecycle cartola-fc@1.0.0~start:dev: CWD: /home/leandromachado/Git/cartola-fc
11 silly lifecycle cartola-fc@1.0.0~start:dev: Args: [ '-c', 'ng build && nodemon ./bin/www' ]
12 silly lifecycle cartola-fc@1.0.0~start:dev: Returned: code: 1  signal: null
13 info lifecycle cartola-fc@1.0.0~start:dev: Failed to exec start:dev script
14 verbose stack Error: cartola-fc@1.0.0 start:dev: `ng build && nodemon ./bin/www`
14 verbose stack Exit status 1
14 verbose stack     at EventEmitter.<anonymous> (/usr/lib/node_modules/npm/lib/utils/lifecycle.js:255:16)
14 verbose stack     at emitTwo (events.js:106:13)
14 verbose stack     at EventEmitter.emit (events.js:191:7)
14 verbose stack     at ChildProcess.<anonymous> (/usr/lib/node_modules/npm/lib/utils/spawn.js:40:14)
14 verbose stack     at emitTwo (events.js:106:13)
14 verbose stack     at ChildProcess.emit (events.js:191:7)
14 verbose stack     at maybeClose (internal/child_process.js:877:16)
14 verbose stack     at Process.ChildProcess._handle.onexit (internal/child_process.js:226:5)
15 verbose pkgid cartola-fc@1.0.0
16 verbose cwd /home/leandromachado/Git/cartola-fc
17 error Linux 4.9.14-200.fc25.x86_64
18 error argv "/usr/bin/node" "/usr/bin/npm" "run" "start:dev"
19 error node v6.10.0
20 error npm  v3.10.10
21 error code ELIFECYCLE
22 error cartola-fc@1.0.0 start:dev: `ng build && nodemon ./bin/www`
22 error Exit status 1
23 error Failed at the cartola-fc@1.0.0 start:dev script 'ng build && nodemon ./bin/www'.
23 error Make sure you have the latest version of node.js and npm installed.
23 error If you do, this is most likely a problem with the cartola-fc package,
23 error not with npm itself.
23 error Tell the author that this fails on your system:
23 error     ng build && nodemon ./bin/www
23 error You can get information on how to open an issue for this project with:
23 error     npm bugs cartola-fc
23 error Or if that isn't available, you can get their info via:
23 error     npm owner ls cartola-fc
23 error There is likely additional logging output above.
24 verbose exit [ 1, true ]
